<?xml version="1.0" encoding="UTF-8"?>
<!-- Generated by org.testng.reporters.JUnitXMLReporter -->
<testsuite ignored="0" hostname="DESKTOP-L9U8SE4" failures="0" tests="4" name="Default test" time="0.115" errors="0" timestamp="2023-06-23T17:25:08 IST">
  <testcase classname="testngAll.Features" name="home" time="0.015"/>
  <testcase classname="testngAll.Features" name="login" time="0.003"/>
  <testcase classname="testngAll.Features" name="logout" time="0.002"/>
  <testcase classname="testngAll.Features" name="profile" time="0.006"/>
</testsuite> <!-- Default test -->
