<?xml version="1.0" encoding="UTF-8"?>
<!-- Generated by org.testng.reporters.JUnitXMLReporter -->
<testsuite ignored="3" hostname="DESKTOP-L9U8SE4" failures="0" tests="2" name="Test" time="0.088" errors="0" timestamp="2023-07-05T15:00:52 IST">
  <testcase classname="testngAll.GroupingTestCases" name="home" time="0.015"/>
  <testcase classname="testngAll.GroupingTestCase2" name="payment" time="0.005"/>
  <testcase classname="testngAll.GroupingTestCases" name="login" time="0.0">
    <ignored/>
  </testcase> <!-- login -->
  <testcase classname="testngAll.GroupingTestCases" name="profile" time="0.0">
    <ignored/>
  </testcase> <!-- profile -->
  <testcase classname="testngAll.GroupingTestCases" name="logout" time="0.0">
    <ignored/>
  </testcase> <!-- logout -->
</testsuite> <!-- Test -->
